<?xml version="1.0" encoding="UTF-8"?>
<!-- Generated by org.testng.reporters.JUnitReportReporter -->
<testsuite hostname="Prakashs-Laptop.local" failures="0" tests="5" name="org.testRunner.TestRunner" time="91.774" errors="1" timestamp="2025-07-25T07:43:45 IST" skipped="0">
  <testcase classname="org.testRunner.TestRunner" name="runScenario" time="15.433"/>
  <testcase classname="org.testRunner.TestRunner" name="runScenario" time="16.749"/>
  <testcase classname="org.testRunner.TestRunner" name="runScenario" time="15.550"/>
  <testcase classname="org.testRunner.TestRunner" name="runScenario" time="16.881"/>
  <testcase classname="org.testRunner.TestRunner" name="runScenario" time="27.161">
    <error message="Expected condition failed: waiting for visibility of [[SafariDriver: Safari on mac (9EC08867-54C8-4EAB-A83A-27423AE8525A)] -&gt; xpath: //p[@id=&#039;noTransactions&#039;]] (tried for 10 second(s) with 500 milliseconds interval)
Build info: version: &#039;4.33.0&#039;, revision: &#039;2c6aaad03a&#039;
System info: os.name: &#039;Mac OS X&#039;, os.arch: &#039;aarch64&#039;, os.version: &#039;15.5&#039;, java.version: &#039;22.0.2&#039;
Driver info: org.openqa.selenium.safari.SafariDriver
Capabilities {acceptInsecureCerts: false, browserName: Safari, browserVersion: 18.5, platformName: mac, safari:automaticInspection: false, safari:automaticProfiling: false, safari:diagnose: false, safari:platformBuildVersion: 24F74, safari:platformVersion: 15.5, safari:useSimulator: false, setWindowRect: true, strictFileInteractability: false, webkit:WebRTC: {DisableICECandidateFiltering: false, DisableInsecureMediaCapture: false}}
Session ID: 9EC08867-54C8-4EAB-A83A-27423AE8525A" type="org.openqa.selenium.TimeoutException">
      <![CDATA[org.openqa.selenium.TimeoutException: Expected condition failed: waiting for visibility of [[SafariDriver: Safari on mac (9EC08867-54C8-4EAB-A83A-27423AE8525A)] -> xpath: //p[@id='noTransactions']] (tried for 10 second(s) with 500 milliseconds interval)
Build info: version: '4.33.0', revision: '2c6aaad03a'
System info: os.name: 'Mac OS X', os.arch: 'aarch64', os.version: '15.5', java.version: '22.0.2'
Driver info: org.openqa.selenium.safari.SafariDriver
Capabilities {acceptInsecureCerts: false, browserName: Safari, browserVersion: 18.5, platformName: mac, safari:automaticInspection: false, safari:automaticProfiling: false, safari:diagnose: false, safari:platformBuildVersion: 24F74, safari:platformVersion: 15.5, safari:useSimulator: false, setWindowRect: true, strictFileInteractability: false, webkit:WebRTC: {DisableICECandidateFiltering: false, DisableInsecureMediaCapture: false}}
Session ID: 9EC08867-54C8-4EAB-A83A-27423AE8525A
at org.openqa.selenium.support.ui.WebDriverWait.timeoutException(WebDriverWait.java:84)
at org.openqa.selenium.support.ui.FluentWait.until(FluentWait.java:228)
at org.base.BaseClass.waitUntilVisible(BaseClass.java:74)
at org.stepdefinitions.AccountDetailsSteps.no_transactions_message_should_be_displayed(AccountDetailsSteps.java:85)
at âœ½.A "No transactions found." message should be displayed(file:///Users/prakashrajendran/Portfolio/WorkSpace/ParaBank/src/test/resources/FeatureFiles/accountDetails.feature:26)
]]>
    </error>
  </testcase> <!-- runScenario -->
</testsuite> <!-- org.testRunner.TestRunner -->
